2018-10-05T09:48:15+00:00 ERR (3): 
exception 'PDOException' with message 'SQLSTATE[23000]: Integrity constraint violation: 1062 Duplicate entry '17' for key 'PRIMARY'' in D:\xampp\htdocs\magento1\lib\Zend\Db\Statement\Pdo.php:228
Stack trace:
#0 D:\xampp\htdocs\magento1\lib\Zend\Db\Statement\Pdo.php(228): PDOStatement->execute(Array)
#1 D:\xampp\htdocs\magento1\lib\Varien\Db\Statement\Pdo\Mysql.php(110): Zend_Db_Statement_Pdo->_execute(Array)
#2 D:\xampp\htdocs\magento1\app\code\core\Zend\Db\Statement.php(291): Varien_Db_Statement_Pdo_Mysql->_execute(Array)
#3 D:\xampp\htdocs\magento1\lib\Zend\Db\Adapter\Abstract.php(480): Zend_Db_Statement->execute(Array)
#4 D:\xampp\htdocs\magento1\lib\Zend\Db\Adapter\Pdo\Abstract.php(238): Zend_Db_Adapter_Abstract->query('INSERT INTO `lo...', Array)
#5 D:\xampp\htdocs\magento1\lib\Varien\Db\Adapter\Pdo\Mysql.php(504): Zend_Db_Adapter_Pdo_Abstract->query('INSERT INTO `lo...', Array)
#6 D:\xampp\htdocs\magento1\lib\Zend\Db\Adapter\Abstract.php(576): Varien_Db_Adapter_Pdo_Mysql->query('INSERT INTO `lo...', Array)
#7 D:\xampp\htdocs\magento1\app\code\core\Mage\Log\Model\Resource\Visitor.php(290): Zend_Db_Adapter_Abstract->insert('log_quote', Array)
#8 D:\xampp\htdocs\magento1\app\code\core\Mage\Log\Model\Resource\Visitor.php(141): Mage_Log_Model_Resource_Visitor->_saveQuoteInfo(Object(Mage_Log_Model_Visitor))
#9 D:\xampp\htdocs\magento1\app\code\core\Mage\Core\Model\Resource\Db\Abstract.php(463): Mage_Log_Model_Resource_Visitor->_afterSave(Object(Mage_Log_Model_Visitor))
#10 D:\xampp\htdocs\magento1\app\code\core\Mage\Core\Model\Abstract.php(318): Mage_Core_Model_Resource_Db_Abstract->save(Object(Mage_Log_Model_Visitor))
#11 D:\xampp\htdocs\magento1\app\code\core\Mage\Log\Model\Visitor.php(237): Mage_Core_Model_Abstract->save()
#12 D:\xampp\htdocs\magento1\app\code\core\Mage\Core\Model\App.php(1358): Mage_Log_Model_Visitor->saveByRequest(Object(Varien_Event_Observer))
#13 D:\xampp\htdocs\magento1\app\code\core\Mage\Core\Model\App.php(1337): Mage_Core_Model_App->_callObserverMethod(Object(Mage_Log_Model_Visitor), 'saveByRequest', Object(Varien_Event_Observer))
#14 D:\xampp\htdocs\magento1\app\Mage.php(448): Mage_Core_Model_App->dispatchEvent('controller_acti...', Array)
#15 D:\xampp\htdocs\magento1\app\code\core\Mage\Core\Controller\Varien\Action.php(551): Mage::dispatchEvent('controller_acti...', Array)
#16 D:\xampp\htdocs\magento1\app\code\core\Mage\Core\Controller\Front\Action.php(80): Mage_Core_Controller_Varien_Action->postDispatch()
#17 D:\xampp\htdocs\magento1\app\code\core\Mage\Core\Controller\Varien\Action.php(422): Mage_Core_Controller_Front_Action->postDispatch()
#18 D:\xampp\htdocs\magento1\app\code\core\Mage\Core\Controller\Varien\Router\Standard.php(254): Mage_Core_Controller_Varien_Action->dispatch('add')
#19 D:\xampp\htdocs\magento1\app\code\core\Mage\Core\Controller\Varien\Front.php(172): Mage_Core_Controller_Varien_Router_Standard->match(Object(Mage_Core_Controller_Request_Http))
#20 D:\xampp\htdocs\magento1\app\code\core\Mage\Core\Model\App.php(365): Mage_Core_Controller_Varien_Front->dispatch()
#21 D:\xampp\htdocs\magento1\app\Mage.php(684): Mage_Core_Model_App->run(Array)
#22 D:\xampp\htdocs\magento1\index.php(84): Mage::run('', 'store')
#23 {main}

Next exception 'Zend_Db_Statement_Exception' with message 'SQLSTATE[23000]: Integrity constraint violation: 1062 Duplicate entry '17' for key 'PRIMARY', query was: INSERT INTO `log_quote` (`quote_id`, `visitor_id`, `created_at`) VALUES (?, ?, '2018-10-05 09:48:14')' in D:\xampp\htdocs\magento1\lib\Zend\Db\Statement\Pdo.php:235
Stack trace:
#0 D:\xampp\htdocs\magento1\lib\Varien\Db\Statement\Pdo\Mysql.php(110): Zend_Db_Statement_Pdo->_execute(Array)
#1 D:\xampp\htdocs\magento1\app\code\core\Zend\Db\Statement.php(291): Varien_Db_Statement_Pdo_Mysql->_execute(Array)
#2 D:\xampp\htdocs\magento1\lib\Zend\Db\Adapter\Abstract.php(480): Zend_Db_Statement->execute(Array)
#3 D:\xampp\htdocs\magento1\lib\Zend\Db\Adapter\Pdo\Abstract.php(238): Zend_Db_Adapter_Abstract->query('INSERT INTO `lo...', Array)
#4 D:\xampp\htdocs\magento1\lib\Varien\Db\Adapter\Pdo\Mysql.php(504): Zend_Db_Adapter_Pdo_Abstract->query('INSERT INTO `lo...', Array)
#5 D:\xampp\htdocs\magento1\lib\Zend\Db\Adapter\Abstract.php(576): Varien_Db_Adapter_Pdo_Mysql->query('INSERT INTO `lo...', Array)
#6 D:\xampp\htdocs\magento1\app\code\core\Mage\Log\Model\Resource\Visitor.php(290): Zend_Db_Adapter_Abstract->insert('log_quote', Array)
#7 D:\xampp\htdocs\magento1\app\code\core\Mage\Log\Model\Resource\Visitor.php(141): Mage_Log_Model_Resource_Visitor->_saveQuoteInfo(Object(Mage_Log_Model_Visitor))
#8 D:\xampp\htdocs\magento1\app\code\core\Mage\Core\Model\Resource\Db\Abstract.php(463): Mage_Log_Model_Resource_Visitor->_afterSave(Object(Mage_Log_Model_Visitor))
#9 D:\xampp\htdocs\magento1\app\code\core\Mage\Core\Model\Abstract.php(318): Mage_Core_Model_Resource_Db_Abstract->save(Object(Mage_Log_Model_Visitor))
#10 D:\xampp\htdocs\magento1\app\code\core\Mage\Log\Model\Visitor.php(237): Mage_Core_Model_Abstract->save()
#11 D:\xampp\htdocs\magento1\app\code\core\Mage\Core\Model\App.php(1358): Mage_Log_Model_Visitor->saveByRequest(Object(Varien_Event_Observer))
#12 D:\xampp\htdocs\magento1\app\code\core\Mage\Core\Model\App.php(1337): Mage_Core_Model_App->_callObserverMethod(Object(Mage_Log_Model_Visitor), 'saveByRequest', Object(Varien_Event_Observer))
#13 D:\xampp\htdocs\magento1\app\Mage.php(448): Mage_Core_Model_App->dispatchEvent('controller_acti...', Array)
#14 D:\xampp\htdocs\magento1\app\code\core\Mage\Core\Controller\Varien\Action.php(551): Mage::dispatchEvent('controller_acti...', Array)
#15 D:\xampp\htdocs\magento1\app\code\core\Mage\Core\Controller\Front\Action.php(80): Mage_Core_Controller_Varien_Action->postDispatch()
#16 D:\xampp\htdocs\magento1\app\code\core\Mage\Core\Controller\Varien\Action.php(422): Mage_Core_Controller_Front_Action->postDispatch()
#17 D:\xampp\htdocs\magento1\app\code\core\Mage\Core\Controller\Varien\Router\Standard.php(254): Mage_Core_Controller_Varien_Action->dispatch('add')
#18 D:\xampp\htdocs\magento1\app\code\core\Mage\Core\Controller\Varien\Front.php(172): Mage_Core_Controller_Varien_Router_Standard->match(Object(Mage_Core_Controller_Request_Http))
#19 D:\xampp\htdocs\magento1\app\code\core\Mage\Core\Model\App.php(365): Mage_Core_Controller_Varien_Front->dispatch()
#20 D:\xampp\htdocs\magento1\app\Mage.php(684): Mage_Core_Model_App->run(Array)
#21 D:\xampp\htdocs\magento1\index.php(84): Mage::run('', 'store')
#22 {main}
2018-10-05T14:26:33+00:00 ERR (3): 
exception 'PDOException' with message 'SQLSTATE[23000]: Integrity constraint violation: 1062 Duplicate entry '18' for key 'PRIMARY'' in D:\xampp\htdocs\magento1\lib\Zend\Db\Statement\Pdo.php:228
Stack trace:
#0 D:\xampp\htdocs\magento1\lib\Zend\Db\Statement\Pdo.php(228): PDOStatement->execute(Array)
#1 D:\xampp\htdocs\magento1\lib\Varien\Db\Statement\Pdo\Mysql.php(110): Zend_Db_Statement_Pdo->_execute(Array)
#2 D:\xampp\htdocs\magento1\app\code\core\Zend\Db\Statement.php(291): Varien_Db_Statement_Pdo_Mysql->_execute(Array)
#3 D:\xampp\htdocs\magento1\lib\Zend\Db\Adapter\Abstract.php(480): Zend_Db_Statement->execute(Array)
#4 D:\xampp\htdocs\magento1\lib\Zend\Db\Adapter\Pdo\Abstract.php(238): Zend_Db_Adapter_Abstract->query('INSERT INTO `lo...', Array)
#5 D:\xampp\htdocs\magento1\lib\Varien\Db\Adapter\Pdo\Mysql.php(504): Zend_Db_Adapter_Pdo_Abstract->query('INSERT INTO `lo...', Array)
#6 D:\xampp\htdocs\magento1\lib\Zend\Db\Adapter\Abstract.php(576): Varien_Db_Adapter_Pdo_Mysql->query('INSERT INTO `lo...', Array)
#7 D:\xampp\htdocs\magento1\app\code\core\Mage\Log\Model\Resource\Visitor.php(290): Zend_Db_Adapter_Abstract->insert('log_quote', Array)
#8 D:\xampp\htdocs\magento1\app\code\core\Mage\Log\Model\Resource\Visitor.php(141): Mage_Log_Model_Resource_Visitor->_saveQuoteInfo(Object(Mage_Log_Model_Visitor))
#9 D:\xampp\htdocs\magento1\app\code\core\Mage\Core\Model\Resource\Db\Abstract.php(463): Mage_Log_Model_Resource_Visitor->_afterSave(Object(Mage_Log_Model_Visitor))
#10 D:\xampp\htdocs\magento1\app\code\core\Mage\Core\Model\Abstract.php(318): Mage_Core_Model_Resource_Db_Abstract->save(Object(Mage_Log_Model_Visitor))
#11 D:\xampp\htdocs\magento1\app\code\core\Mage\Log\Model\Visitor.php(237): Mage_Core_Model_Abstract->save()
#12 D:\xampp\htdocs\magento1\app\code\core\Mage\Core\Model\App.php(1358): Mage_Log_Model_Visitor->saveByRequest(Object(Varien_Event_Observer))
#13 D:\xampp\htdocs\magento1\app\code\core\Mage\Core\Model\App.php(1337): Mage_Core_Model_App->_callObserverMethod(Object(Mage_Log_Model_Visitor), 'saveByRequest', Object(Varien_Event_Observer))
#14 D:\xampp\htdocs\magento1\app\Mage.php(448): Mage_Core_Model_App->dispatchEvent('controller_acti...', Array)
#15 D:\xampp\htdocs\magento1\app\code\core\Mage\Core\Controller\Varien\Action.php(551): Mage::dispatchEvent('controller_acti...', Array)
#16 D:\xampp\htdocs\magento1\app\code\core\Mage\Core\Controller\Front\Action.php(80): Mage_Core_Controller_Varien_Action->postDispatch()
#17 D:\xampp\htdocs\magento1\app\code\core\Mage\Core\Controller\Varien\Action.php(422): Mage_Core_Controller_Front_Action->postDispatch()
#18 D:\xampp\htdocs\magento1\app\code\core\Mage\Core\Controller\Varien\Router\Standard.php(254): Mage_Core_Controller_Varien_Action->dispatch('add')
#19 D:\xampp\htdocs\magento1\app\code\core\Mage\Core\Controller\Varien\Front.php(172): Mage_Core_Controller_Varien_Router_Standard->match(Object(Mage_Core_Controller_Request_Http))
#20 D:\xampp\htdocs\magento1\app\code\core\Mage\Core\Model\App.php(365): Mage_Core_Controller_Varien_Front->dispatch()
#21 D:\xampp\htdocs\magento1\app\Mage.php(684): Mage_Core_Model_App->run(Array)
#22 D:\xampp\htdocs\magento1\index.php(84): Mage::run('', 'store')
#23 {main}

Next exception 'Zend_Db_Statement_Exception' with message 'SQLSTATE[23000]: Integrity constraint violation: 1062 Duplicate entry '18' for key 'PRIMARY', query was: INSERT INTO `log_quote` (`quote_id`, `visitor_id`, `created_at`) VALUES (?, ?, '2018-10-05 14:26:33')' in D:\xampp\htdocs\magento1\lib\Zend\Db\Statement\Pdo.php:235
Stack trace:
#0 D:\xampp\htdocs\magento1\lib\Varien\Db\Statement\Pdo\Mysql.php(110): Zend_Db_Statement_Pdo->_execute(Array)
#1 D:\xampp\htdocs\magento1\app\code\core\Zend\Db\Statement.php(291): Varien_Db_Statement_Pdo_Mysql->_execute(Array)
#2 D:\xampp\htdocs\magento1\lib\Zend\Db\Adapter\Abstract.php(480): Zend_Db_Statement->execute(Array)
#3 D:\xampp\htdocs\magento1\lib\Zend\Db\Adapter\Pdo\Abstract.php(238): Zend_Db_Adapter_Abstract->query('INSERT INTO `lo...', Array)
#4 D:\xampp\htdocs\magento1\lib\Varien\Db\Adapter\Pdo\Mysql.php(504): Zend_Db_Adapter_Pdo_Abstract->query('INSERT INTO `lo...', Array)
#5 D:\xampp\htdocs\magento1\lib\Zend\Db\Adapter\Abstract.php(576): Varien_Db_Adapter_Pdo_Mysql->query('INSERT INTO `lo...', Array)
#6 D:\xampp\htdocs\magento1\app\code\core\Mage\Log\Model\Resource\Visitor.php(290): Zend_Db_Adapter_Abstract->insert('log_quote', Array)
#7 D:\xampp\htdocs\magento1\app\code\core\Mage\Log\Model\Resource\Visitor.php(141): Mage_Log_Model_Resource_Visitor->_saveQuoteInfo(Object(Mage_Log_Model_Visitor))
#8 D:\xampp\htdocs\magento1\app\code\core\Mage\Core\Model\Resource\Db\Abstract.php(463): Mage_Log_Model_Resource_Visitor->_afterSave(Object(Mage_Log_Model_Visitor))
#9 D:\xampp\htdocs\magento1\app\code\core\Mage\Core\Model\Abstract.php(318): Mage_Core_Model_Resource_Db_Abstract->save(Object(Mage_Log_Model_Visitor))
#10 D:\xampp\htdocs\magento1\app\code\core\Mage\Log\Model\Visitor.php(237): Mage_Core_Model_Abstract->save()
#11 D:\xampp\htdocs\magento1\app\code\core\Mage\Core\Model\App.php(1358): Mage_Log_Model_Visitor->saveByRequest(Object(Varien_Event_Observer))
#12 D:\xampp\htdocs\magento1\app\code\core\Mage\Core\Model\App.php(1337): Mage_Core_Model_App->_callObserverMethod(Object(Mage_Log_Model_Visitor), 'saveByRequest', Object(Varien_Event_Observer))
#13 D:\xampp\htdocs\magento1\app\Mage.php(448): Mage_Core_Model_App->dispatchEvent('controller_acti...', Array)
#14 D:\xampp\htdocs\magento1\app\code\core\Mage\Core\Controller\Varien\Action.php(551): Mage::dispatchEvent('controller_acti...', Array)
#15 D:\xampp\htdocs\magento1\app\code\core\Mage\Core\Controller\Front\Action.php(80): Mage_Core_Controller_Varien_Action->postDispatch()
#16 D:\xampp\htdocs\magento1\app\code\core\Mage\Core\Controller\Varien\Action.php(422): Mage_Core_Controller_Front_Action->postDispatch()
#17 D:\xampp\htdocs\magento1\app\code\core\Mage\Core\Controller\Varien\Router\Standard.php(254): Mage_Core_Controller_Varien_Action->dispatch('add')
#18 D:\xampp\htdocs\magento1\app\code\core\Mage\Core\Controller\Varien\Front.php(172): Mage_Core_Controller_Varien_Router_Standard->match(Object(Mage_Core_Controller_Request_Http))
#19 D:\xampp\htdocs\magento1\app\code\core\Mage\Core\Model\App.php(365): Mage_Core_Controller_Varien_Front->dispatch()
#20 D:\xampp\htdocs\magento1\app\Mage.php(684): Mage_Core_Model_App->run(Array)
#21 D:\xampp\htdocs\magento1\index.php(84): Mage::run('', 'store')
#22 {main}
